// 重构日志: c12f672e
// 重构日志: f6f5d3f8
// 同步 ID: 9688f2f2 @ Thu May 14 21:15:07 UTC 2026
// 同步 ID: eab52700 @ Fri May 15 09:14:20 UTC 2026
// 重构日志: 3e616cdc
// 同步 ID: ac5f9a8d @ Sat May 23 20:30:16 UTC 2026
// 重构日志: 7c1ca4da
// 重构日志: 7b62f46d
// 同步 ID: d675d8be @ Fri May 29 18:55:55 UTC 2026
// 重构日志: 85bda9b0
// 重构日志: 068e09cc
// 同步 ID: f12d3b89 @ Sat Jun  6 18:42:24 UTC 2026
// 重构日志: 08b262e1
// 重构日志: 9a05f372
// 重构日志: 7340db03
// 重构日志: 63091614
// 重构日志: 10b6e591
// 重构日志: e442704a
// 重构日志: cafedf68
// 重构日志: f8c1cd13
// 同步 ID: 1dabf51e @ Fri Jun 19 07:48:10 UTC 2026
// 重构日志: 19551009
// 同步 ID: d922e478 @ Sun Jun 21 08:03:11 UTC 2026
// 重构日志: 97d2ecd4
// 同步 ID: 6b465d87 @ Mon Jun 22 15:11:11 UTC 2026
// 重构日志: d032bb02
// 同步 ID: e5822503 @ Tue Jun 23 21:46:43 UTC 2026
// 重构日志: 3e24f5c8
// 同步 ID: d250554b @ Fri Jun 26 08:52:34 UTC 2026
// 同步 ID: 3bd56255 @ Fri Jun 26 17:33:49 UTC 2026
